#
# There is insufficient memory for the Java Runtime Environment to continue.
# Native memory allocation (mmap) failed to map 85458944 bytes for committing reserved memory.
# Possible reasons:
#   The system is out of physical RAM or swap space
#   The process is running with CompressedOops enabled, and the Java Heap may be blocking the growth of the native heap
# Possible solutions:
#   Reduce memory load on the system
#   Increase physical memory or swap space
#   Check if swap backing store is full
#   Decrease Java heap size (-Xmx/-Xms)
#   Decrease number of Java threads
#   Decrease Java thread stack sizes (-Xss)
#   Set larger code cache with -XX:ReservedCodeCacheSize=
# This output file may be truncated or incomplete.
#
#  Out of Memory Error (os_linux.cpp:2754), pid=17245, tid=0x00007f6830ec8700
#
# JRE version:  (8.0_242) (build )
# Java VM: OpenJDK 64-Bit Server VM (25.242-b3-6222593 mixed mode linux-amd64 compressed oops)
# Failed to write core dump. Core dumps have been disabled. To enable core dumping, try "ulimit -c unlimited" before starting Java again
#

---------------  T H R E A D  ---------------

Current thread (0x00007f682800c000):  JavaThread "Unknown thread" [_thread_in_vm, id=17247, stack(0x00007f6830dc9000,0x00007f6830ec9000)]

Stack: [0x00007f6830dc9000,0x00007f6830ec9000],  sp=0x00007f6830ec75e0,  free space=1017k
Native frames: (J=compiled Java code, j=interpreted, Vv=VM code, C=native code)
V  [libjvm.so+0xa1317d]  VMError::report_and_die()+0x15d
V  [libjvm.so+0x4d7bca]  report_vm_out_of_memory(char const*, int, unsigned long, VMErrorType, char const*)+0x8a
V  [libjvm.so+0x878fb8]  os::pd_commit_memory(char*, unsigned long, unsigned long, bool)+0xd8
V  [libjvm.so+0x87088f]  os::commit_memory(char*, unsigned long, unsigned long, bool)+0x1f
V  [libjvm.so+0x8ea5fb]  PSVirtualSpace::expand_by(unsigned long)+0x5b
V  [libjvm.so+0x8dc508]  PSOldGen::initialize(ReservedSpace, unsigned long, char const*, int)+0xa8
V  [libjvm.so+0x2dd7e3]  AdjoiningGenerations::AdjoiningGenerations(ReservedSpace, GenerationSizer*, unsigned long)+0x353
V  [libjvm.so+0x89d111]  ParallelScavengeHeap::initialize()+0x211
V  [libjvm.so+0x9de4a9]  Universe::initialize_heap()+0x189
V  [libjvm.so+0x9de6a3]  universe_init()+0x33
V  [libjvm.so+0x6017b5]  init_globals()+0x55
V  [libjvm.so+0x9c1b74]  Threads::create_vm(JavaVMInitArgs*, bool*)+0x274
V  [libjvm.so+0x66f75e]  JNI_CreateJavaVM+0x4e
C  [libjli.so+0x77a8]  JavaMain+0x88
C  [libpthread.so.0+0x76db]  start_thread+0xdb


---------------  P R O C E S S  ---------------

Java Threads: ( => current thread )

Other Threads:

=>0x00007f682800c000 (exited) JavaThread "Unknown thread" [_thread_in_vm, id=17247, stack(0x00007f6830dc9000,0x00007f6830ec9000)]

VM state:not at safepoint (not fully initialized)

VM Mutex/Monitor currently owned by a thread: None

heap address: 0x0000000086c00000, size: 1940 MB, Compressed Oops mode: Non-zero based:0x0000000086bff000
Narrow klass base: 0x0000000000000000, Narrow klass shift: 0

GC Heap History (0 events):
No events

Deoptimization events (0 events):
No events

Classes redefined (0 events):
No events

Internal exceptions (0 events):
No events

Events (0 events):
No events


Dynamic libraries:
00400000-00401000 r-xp 00000000 fd:00 13527385                           /home/james/.local/share/JetBrains/Toolbox/apps/AndroidStudio/ch-0/193.6626763/jre/jre/bin/java
00401000-00402000 r--p 00000000 fd:00 13527385                           /home/james/.local/share/JetBrains/Toolbox/apps/AndroidStudio/ch-0/193.6626763/jre/jre/bin/java
00402000-00403000 rw-p 00001000 fd:00 13527385                           /home/james/.local/share/JetBrains/Toolbox/apps/AndroidStudio/ch-0/193.6626763/jre/jre/bin/java
01a28000-01a49000 rw-p 00000000 00:00 0                                  [heap]
8bd80000-d7980000 ---p 00000000 00:00 0 
d7980000-da200000 rw-p 00000000 00:00 0 
da200000-100000000 ---p 00000000 00:00 0 
7f6819000000-7f6819270000 rwxp 00000000 00:00 0 
7f6819270000-7f6828000000 ---p 00000000 00:00 0 
7f6828000000-7f6828038000 rw-p 00000000 00:00 0 
7f6828038000-7f682c000000 ---p 00000000 00:00 0 
7f682df8e000-7f682e240000 rw-p 00000000 00:00 0 
7f682e240000-7f682e4c6000 ---p 00000000 00:00 0 
7f682e4c6000-7f682e4db000 rw-p 00000000 00:00 0 
7f682e4db000-7f682e60a000 ---p 00000000 00:00 0 
7f682e60a000-7f682e615000 rw-p 00000000 00:00 0 
7f682e615000-7f682e9cb000 ---p 00000000 00:00 0 
7f682e9cb000-7f682e9d6000 r-xp 00000000 fd:00 7213819                    /lib/x86_64-linux-gnu/libnss_files-2.27.so
7f682e9d6000-7f682ebd5000 ---p 0000b000 fd:00 7213819                    /lib/x86_64-linux-gnu/libnss_files-2.27.so
7f682ebd5000-7f682ebd6000 r--p 0000a000 fd:00 7213819                    /lib/x86_64-linux-gnu/libnss_files-2.27.so
7f682ebd6000-7f682ebd7000 rw-p 0000b000 fd:00 7213819                    /lib/x86_64-linux-gnu/libnss_files-2.27.so
7f682ebd7000-7f682ebdd000 rw-p 00000000 00:00 0 
7f682ebdd000-7f682ebf4000 r-xp 00000000 fd:00 7213813                    /lib/x86_64-linux-gnu/libnsl-2.27.so
7f682ebf4000-7f682edf3000 ---p 00017000 fd:00 7213813                    /lib/x86_64-linux-gnu/libnsl-2.27.so
7f682edf3000-7f682edf4000 r--p 00016000 fd:00 7213813                    /lib/x86_64-linux-gnu/libnsl-2.27.so
7f682edf4000-7f682edf5000 rw-p 00017000 fd:00 7213813                    /lib/x86_64-linux-gnu/libnsl-2.27.so
7f682edf5000-7f682edf7000 rw-p 00000000 00:00 0 
7f682edf7000-7f682ee02000 r-xp 00000000 fd:00 7213829                    /lib/x86_64-linux-gnu/libnss_nis-2.27.so
7f682ee02000-7f682f001000 ---p 0000b000 fd:00 7213829                    /lib/x86_64-linux-gnu/libnss_nis-2.27.so
7f682f001000-7f682f002000 r--p 0000a000 fd:00 7213829                    /lib/x86_64-linux-gnu/libnss_nis-2.27.so
7f682f002000-7f682f003000 rw-p 0000b000 fd:00 7213829                    /lib/x86_64-linux-gnu/libnss_nis-2.27.so
7f682f003000-7f682f00b000 r-xp 00000000 fd:00 7213815                    /lib/x86_64-linux-gnu/libnss_compat-2.27.so
7f682f00b000-7f682f20b000 ---p 00008000 fd:00 7213815                    /lib/x86_64-linux-gnu/libnss_compat-2.27.so
7f682f20b000-7f682f20c000 r--p 00008000 fd:00 7213815                    /lib/x86_64-linux-gnu/libnss_compat-2.27.so
7f682f20c000-7f682f20d000 rw-p 00009000 fd:00 7213815                    /lib/x86_64-linux-gnu/libnss_compat-2.27.so
7f682f20d000-7f682f214000 r-xp 00000000 fd:00 7213869                    /lib/x86_64-linux-gnu/librt-2.27.so
7f682f214000-7f682f413000 ---p 00007000 fd:00 7213869                    /lib/x86_64-linux-gnu/librt-2.27.so
7f682f413000-7f682f414000 r--p 00006000 fd:00 7213869                    /lib/x86_64-linux-gnu/librt-2.27.so
7f682f414000-7f682f415000 rw-p 00007000 fd:00 7213869                    /lib/x86_64-linux-gnu/librt-2.27.so
7f682f415000-7f682f5b2000 r-xp 00000000 fd:00 7213792                    /lib/x86_64-linux-gnu/libm-2.27.so
7f682f5b2000-7f682f7b1000 ---p 0019d000 fd:00 7213792                    /lib/x86_64-linux-gnu/libm-2.27.so
7f682f7b1000-7f682f7b2000 r--p 0019c000 fd:00 7213792                    /lib/x86_64-linux-gnu/libm-2.27.so
7f682f7b2000-7f682f7b3000 rw-p 0019d000 fd:00 7213792                    /lib/x86_64-linux-gnu/libm-2.27.so
7f682f7b3000-7f68303e2000 r-xp 00000000 fd:00 13527510                   /home/james/.local/share/JetBrains/Toolbox/apps/AndroidStudio/ch-0/193.6626763/jre/jre/lib/amd64/server/libjvm.so
7f68303e2000-7f683048a000 r--p 00c2e000 fd:00 13527510                   /home/james/.local/share/JetBrains/Toolbox/apps/AndroidStudio/ch-0/193.6626763/jre/jre/lib/amd64/server/libjvm.so
7f683048a000-7f68304b3000 rw-p 00cd6000 fd:00 13527510                   /home/james/.local/share/JetBrains/Toolbox/apps/AndroidStudio/ch-0/193.6626763/jre/jre/lib/amd64/server/libjvm.so
7f68304b3000-7f68304f7000 rw-p 00000000 00:00 0 
7f68304f7000-7f68306de000 r-xp 00000000 fd:00 7213729                    /lib/x86_64-linux-gnu/libc-2.27.so
7f68306de000-7f68308de000 ---p 001e7000 fd:00 7213729                    /lib/x86_64-linux-gnu/libc-2.27.so
7f68308de000-7f68308e2000 r--p 001e7000 fd:00 7213729                    /lib/x86_64-linux-gnu/libc-2.27.so
7f68308e2000-7f68308e4000 rw-p 001eb000 fd:00 7213729                    /lib/x86_64-linux-gnu/libc-2.27.so
7f68308e4000-7f68308e8000 rw-p 00000000 00:00 0 
7f68308e8000-7f68308eb000 r-xp 00000000 fd:00 7213752                    /lib/x86_64-linux-gnu/libdl-2.27.so
7f68308eb000-7f6830aea000 ---p 00003000 fd:00 7213752                    /lib/x86_64-linux-gnu/libdl-2.27.so
7f6830aea000-7f6830aeb000 r--p 00002000 fd:00 7213752                    /lib/x86_64-linux-gnu/libdl-2.27.so
7f6830aeb000-7f6830aec000 rw-p 00003000 fd:00 7213752                    /lib/x86_64-linux-gnu/libdl-2.27.so
7f6830aec000-7f6830b06000 r-xp 00000000 fd:00 7213861                    /lib/x86_64-linux-gnu/libpthread-2.27.so
7f6830b06000-7f6830d05000 ---p 0001a000 fd:00 7213861                    /lib/x86_64-linux-gnu/libpthread-2.27.so
7f6830d05000-7f6830d06000 r--p 00019000 fd:00 7213861                    /lib/x86_64-linux-gnu/libpthread-2.27.so
7f6830d06000-7f6830d07000 rw-p 0001a000 fd:00 7213861                    /lib/x86_64-linux-gnu/libpthread-2.27.so
7f6830d07000-7f6830d0b000 rw-p 00000000 00:00 0 
7f6830d0b000-7f6830d32000 r-xp 00000000 fd:00 7213701                    /lib/x86_64-linux-gnu/ld-2.27.so
7f6830dab000-7f6830dc6000 r-xp 00000000 fd:00 13527481                   /home/james/.local/share/JetBrains/Toolbox/apps/AndroidStudio/ch-0/193.6626763/jre/jre/lib/amd64/libzip.so
7f6830dc6000-7f6830dc7000 r--p 0001a000 fd:00 13527481                   /home/james/.local/share/JetBrains/Toolbox/apps/AndroidStudio/ch-0/193.6626763/jre/jre/lib/amd64/libzip.so
7f6830dc7000-7f6830dc8000 rw-p 0001b000 fd:00 13527481                   /home/james/.local/share/JetBrains/Toolbox/apps/AndroidStudio/ch-0/193.6626763/jre/jre/lib/amd64/libzip.so
7f6830dc8000-7f6830dc9000 ---p 00000000 00:00 0 
7f6830dc9000-7f6830dcc000 ---p 00000000 00:00 0 
7f6830dcc000-7f6830ecb000 rw-p 00000000 00:00 0 
7f6830ecb000-7f6830ee1000 r-xp 00000000 fd:00 13527504                   /home/james/.local/share/JetBrains/Toolbox/apps/AndroidStudio/ch-0/193.6626763/jre/jre/lib/amd64/jli/libjli.so
7f6830ee1000-7f6830ee2000 r--p 00015000 fd:00 13527504                   /home/james/.local/share/JetBrains/Toolbox/apps/AndroidStudio/ch-0/193.6626763/jre/jre/lib/amd64/jli/libjli.so
7f6830ee2000-7f6830ee3000 rw-p 00016000 fd:00 13527504                   /home/james/.local/share/JetBrains/Toolbox/apps/AndroidStudio/ch-0/193.6626763/jre/jre/lib/amd64/jli/libjli.so
7f6830eeb000-7f6830ef3000 rw-s 00000000 fd:00 5387415                    /tmp/hsperfdata_james/17245
7f6830ef3000-7f6830ef4000 rw-p 00000000 00:00 0 
7f6830ef4000-7f6830ef5000 r--p 00000000 00:00 0 
7f6830ef5000-7f6830f1d000 r-xp 00000000 fd:00 13527500                   /home/james/.local/share/JetBrains/Toolbox/apps/AndroidStudio/ch-0/193.6626763/jre/jre/lib/amd64/libjava.so
7f6830f1d000-7f6830f1e000 r--p 00027000 fd:00 13527500                   /home/james/.local/share/JetBrains/Toolbox/apps/AndroidStudio/ch-0/193.6626763/jre/jre/lib/amd64/libjava.so
7f6830f1e000-7f6830f20000 rw-p 00028000 fd:00 13527500                   /home/james/.local/share/JetBrains/Toolbox/apps/AndroidStudio/ch-0/193.6626763/jre/jre/lib/amd64/libjava.so
7f6830f20000-7f6830f2d000 r-xp 00000000 fd:00 13527508                   /home/james/.local/share/JetBrains/Toolbox/apps/AndroidStudio/ch-0/193.6626763/jre/jre/lib/amd64/libverify.so
7f6830f2d000-7f6830f2f000 r--p 0000c000 fd:00 13527508                   /home/james/.local/share/JetBrains/Toolbox/apps/AndroidStudio/ch-0/193.6626763/jre/jre/lib/amd64/libverify.so
7f6830f2f000-7f6830f30000 rw-p 0000e000 fd:00 13527508                   /home/james/.local/share/JetBrains/Toolbox/apps/AndroidStudio/ch-0/193.6626763/jre/jre/lib/amd64/libverify.so
7f6830f30000-7f6830f32000 rw-p 00000000 00:00 0 
7f6830f32000-7f6830f33000 r--p 00027000 fd:00 7213701                    /lib/x86_64-linux-gnu/ld-2.27.so
7f6830f33000-7f6830f34000 rw-p 00028000 fd:00 7213701                    /lib/x86_64-linux-gnu/ld-2.27.so
7f6830f34000-7f6830f35000 rw-p 00000000 00:00 0 
7fff406eb000-7fff4070c000 rw-p 00000000 00:00 0                          [stack]
7fff40791000-7fff40794000 r--p 00000000 00:00 0                          [vvar]
7fff40794000-7fff40796000 r-xp 00000000 00:00 0                          [vdso]
ffffffffff600000-ffffffffff601000 r-xp 00000000 00:00 0                  [vsyscall]

VM Arguments:
java_command: org.jetbrains.kotlin.cli.jvm.K2JVMCompiler @/home/james/Documents/Programming/UmpireCricket/app/build/20200903_6240201516077260595.compiler.options
java_class_path (initial): /home/james/.gradle/caches/modules-2/files-2.1/org.jetbrains.kotlin/kotlin-compiler-embeddable/1.4.0/e5f0d669a77787ccbccd49c71b57bfd7b35faec4/kotlin-compiler-embeddable-1.4.0.jar:/home/james/.gradle/caches/modules-2/files-2.1/org.jetbrains.kotlin/kotlin-reflect/1.4.0/aa2101a19d8688e368ae6e35e8967550ced73884/kotlin-reflect-1.4.0.jar:/home/james/.gradle/caches/modules-2/files-2.1/org.jetbrains.kotlin/kotlin-stdlib/1.4.0/63e75298e93d4ae0b299bb869cf0c627196f8843/kotlin-stdlib-1.4.0.jar:/home/james/.gradle/caches/modules-2/files-2.1/org.jetbrains.kotlin/kotlin-script-runtime/1.4.0/52ac54a56c9121f54fcca387c5a0f441d1af9be8/kotlin-script-runtime-1.4.0.jar:/home/james/.gradle/caches/modules-2/files-2.1/org.jetbrains.kotlin/kotlin-daemon-embeddable/1.4.0/633873c93bba12bcf764e1cf8fb36baa5501b8ff/kotlin-daemon-embeddable-1.4.0.jar:/home/james/.gradle/caches/modules-2/files-2.1/org.jetbrains.intellij.deps/trove4j/1.0.20181211/216c2e14b070f334479d800987affe4054cd563f/trove4j-1.0.20181211.jar:/home/james/.gradle/caches/modules-2/files-2.1/org.jetbrains.kotlin/kotlin-stdlib-common/1.4.0/1c752cce0ead8d504ccc88a4fed6471fd83ab0dd/kotlin-stdlib-common-1.4.0.jar:/home/james/.gradle/caches/modules-2/files-2.1/org.jetbrains/annotations/13.0/919f0dfe192fb4e063e7dacadee7f8bb9a2672a9/annotations-13.0.jar:/home/james/.local/share/JetBrains/Toolbox/apps/AndroidStudio/ch-0/193.6626763/jre/lib/tools.jar
Launcher Type: SUN_STANDARD

Environment Variables:
JAVA_HOME=/usr/lib/jvm/java-8-openjdk-amd64/jre/bin/java
PATH=/home/james/.cargo/bin:/home/james/.local/bin:/usr/lib/jvm/java-8-openjdk-amd64/jre/bin/java/bin:/usr/local/sbin:/usr/local/bin:/usr/sbin:/usr/bin:/sbin:/bin:/usr/games:/usr/local/games:/snap/bin:/usr/lib/jvm/java-11-oracle/bin:/usr/lib/jvm/java-11-oracle/db/bin
SHELL=/bin/bash
DISPLAY=:0

Signal Handlers:
SIGSEGV: [libjvm.so+0xa13c80], sa_mask[0]=11111111011111111101111111111110, sa_flags=SA_RESTART|SA_SIGINFO
SIGBUS: [libjvm.so+0xa13c80], sa_mask[0]=11111111011111111101111111111110, sa_flags=SA_RESTART|SA_SIGINFO
SIGFPE: [libjvm.so+0x874670], sa_mask[0]=11111111011111111101111111111110, sa_flags=SA_RESTART|SA_SIGINFO
SIGPIPE: [libjvm.so+0x874670], sa_mask[0]=11111111011111111101111111111110, sa_flags=SA_RESTART|SA_SIGINFO
SIGXFSZ: [libjvm.so+0x874670], sa_mask[0]=11111111011111111101111111111110, sa_flags=SA_RESTART|SA_SIGINFO
SIGILL: [libjvm.so+0x874670], sa_mask[0]=11111111011111111101111111111110, sa_flags=SA_RESTART|SA_SIGINFO
SIGUSR1: SIG_DFL, sa_mask[0]=00000000000000000000000000000000, sa_flags=none
SIGUSR2: [libjvm.so+0x874540], sa_mask[0]=00100000000000000000000000000000, sa_flags=SA_RESTART|SA_SIGINFO
SIGHUP: SIG_DFL, sa_mask[0]=00000000000000000000000000000000, sa_flags=none
SIGINT: SIG_DFL, sa_mask[0]=00000000000000000000000000000000, sa_flags=none
SIGTERM: SIG_DFL, sa_mask[0]=00000000000000000000000000000000, sa_flags=none
SIGQUIT: SIG_DFL, sa_mask[0]=00000000000000000000000000000000, sa_flags=none


---------------  S Y S T E M  ---------------

OS:DISTRIB_ID=Ubuntu
DISTRIB_RELEASE=18.04
DISTRIB_CODENAME=bionic
DISTRIB_DESCRIPTION="Ubuntu 18.04.4 LTS"

uname:Linux 4.15.0-99-generic #100-Ubuntu SMP Wed Apr 22 20:32:56 UTC 2020 x86_64
libc:glibc 2.27 NPTL 2.27 
rlimit: STACK 8192k, CORE 0k, NPROC 30548, NOFILE 1048576, AS infinity
load average:31.64 14.00 6.34

/proc/meminfo:
MemTotal:        7944864 kB
MemFree:          109260 kB
MemAvailable:      20240 kB
Buffers:            1432 kB
Cached:           441752 kB
SwapCached:         3988 kB
Active:          6385732 kB
Inactive:        1002864 kB
Active(anon):    6376816 kB
Inactive(anon):   993468 kB
Active(file):       8916 kB
Inactive(file):     9396 kB
Unevictable:           0 kB
Mlocked:               0 kB
SwapTotal:        999420 kB
SwapFree:              0 kB
Dirty:               172 kB
Writeback:             0 kB
AnonPages:       6942724 kB
Mapped:           164044 kB
Shmem:            423868 kB
Slab:             234952 kB
SReclaimable:      83968 kB
SUnreclaim:       150984 kB
KernelStack:       26928 kB
PageTables:        92800 kB
NFS_Unstable:          0 kB
Bounce:                0 kB
WritebackTmp:          0 kB
CommitLimit:     4971852 kB
Committed_AS:   16150128 kB
VmallocTotal:   34359738367 kB
VmallocUsed:           0 kB
VmallocChunk:          0 kB
HardwareCorrupted:     0 kB
AnonHugePages:         0 kB
ShmemHugePages:        0 kB
ShmemPmdMapped:        0 kB
CmaTotal:              0 kB
CmaFree:               0 kB
HugePages_Total:       0
HugePages_Free:        0
HugePages_Rsvd:        0
HugePages_Surp:        0
Hugepagesize:       2048 kB
DirectMap4k:      314996 kB
DirectMap2M:     5752832 kB
DirectMap1G:     2097152 kB

container (cgroup) information:
container_type: cgroupv1
cpu_cpuset_cpus: 0-7
cpu_memory_nodes: 0
active_processor_count: 8
cpu_quota: -1
cpu_period: 100000
cpu_shares: -1
memory_limit_in_bytes: -1
memory_and_swap_limit_in_bytes: -2
memory_soft_limit_in_bytes: -1
memory_usage_in_bytes: 7545249792
memory_max_usage_in_bytes: 7560638464


CPU:total 8 (initial active 8) (4 cores per cpu, 2 threads per core) family 6 model 142 stepping 10, cmov, cx8, fxsr, mmx, sse, sse2, sse3, ssse3, sse4.1, sse4.2, popcnt, avx, avx2, aes, clmul, erms, 3dnowpref, lzcnt, ht, tsc, tscinvbit, bmi1, bmi2, adx

/proc/cpuinfo:
processor	: 0
vendor_id	: GenuineIntel
cpu family	: 6
model		: 142
model name	: Intel(R) Core(TM) i5-8250U CPU @ 1.60GHz
stepping	: 10
microcode	: 0xca
cpu MHz		: 1600.001
cache size	: 6144 KB
physical id	: 0
siblings	: 8
core id		: 0
cpu cores	: 4
apicid		: 0
initial apicid	: 0
fpu		: yes
fpu_exception	: yes
cpuid level	: 22
wp		: yes
flags		: fpu vme de pse tsc msr pae mce cx8 apic sep mtrr pge mca cmov pat pse36 clflush dts acpi mmx fxsr sse sse2 ss ht tm pbe syscall nx pdpe1gb rdtscp lm constant_tsc art arch_perfmon pebs bts rep_good nopl xtopology nonstop_tsc cpuid aperfmperf tsc_known_freq pni pclmulqdq dtes64 monitor ds_cpl vmx est tm2 ssse3 sdbg fma cx16 xtpr pdcm pcid sse4_1 sse4_2 x2apic movbe popcnt tsc_deadline_timer aes xsave avx f16c rdrand lahf_lm abm 3dnowprefetch cpuid_fault invpcid_single pti ssbd ibrs ibpb stibp tpr_shadow vnmi flexpriority ept vpid fsgsbase tsc_adjust bmi1 avx2 smep bmi2 erms invpcid mpx rdseed adx smap clflushopt intel_pt xsaveopt xsavec xgetbv1 xsaves dtherm ida arat pln pts hwp hwp_notify hwp_act_window hwp_epp md_clear flush_l1d
bugs		: cpu_meltdown spectre_v1 spectre_v2 spec_store_bypass l1tf mds swapgs itlb_multihit
bogomips	: 3600.00
clflush size	: 64
cache_alignment	: 64
address sizes	: 39 bits physical, 48 bits virtual
power management:

processor	: 1
vendor_id	: GenuineIntel
cpu family	: 6
model		: 142
model name	: Intel(R) Core(TM) i5-8250U CPU @ 1.60GHz
stepping	: 10
microcode	: 0xca
cpu MHz		: 1599.999
cache size	: 6144 KB
physical id	: 0
siblings	: 8
core id		: 1
cpu cores	: 4
apicid		: 2
initial apicid	: 2
fpu		: yes
fpu_exception	: yes
cpuid level	: 22
wp		: yes
flags		: fpu vme de pse tsc msr pae mce cx8 apic sep mtrr pge mca cmov pat pse36 clflush dts acpi mmx fxsr sse sse2 ss ht tm pbe syscall nx pdpe1gb rdtscp lm constant_tsc art arch_perfmon pebs bts rep_good nopl xtopology nonstop_tsc cpuid aperfmperf tsc_known_freq pni pclmulqdq dtes64 monitor ds_cpl vmx est tm2 ssse3 sdbg fma cx16 xtpr pdcm pcid sse4_1 sse4_2 x2apic movbe popcnt tsc_deadline_timer aes xsave avx f16c rdrand lahf_lm abm 3dnowprefetch cpuid_fault invpcid_single pti ssbd ibrs ibpb stibp tpr_shadow vnmi flexpriority ept vpid fsgsbase tsc_adjust bmi1 avx2 smep bmi2 erms invpcid mpx rdseed adx smap clflushopt intel_pt xsaveopt xsavec xgetbv1 xsaves dtherm arat pln pts hwp hwp_notify hwp_act_window hwp_epp md_clear flush_l1d
bugs		: cpu_meltdown spectre_v1 spectre_v2 spec_store_bypass l1tf mds swapgs itlb_multihit
bogomips	: 3600.00
clflush size	: 64
cache_alignment	: 64
address sizes	: 39 bits physical, 48 bits virtual
power management:

processor	: 2
vendor_id	: GenuineIntel
cpu family	: 6
model		: 142
model name	: Intel(R) Core(TM) i5-8250U CPU @ 1.60GHz
stepping	: 10
microcode	: 0xca
cpu MHz		: 1600.030
cache size	: 6144 KB
physical id	: 0
siblings	: 8
core id		: 2
cpu cores	: 4
apicid		: 4
initial apicid	: 4
fpu		: yes
fpu_exception	: yes
cpuid level	: 22
wp		: yes
flags		: fpu vme de pse tsc msr pae mce cx8 apic sep mtrr pge mca cmov pat pse36 clflush dts acpi mmx fxsr sse sse2 ss ht tm pbe syscall nx pdpe1gb rdtscp lm constant_tsc art arch_perfmon pebs bts rep_good nopl xtopology nonstop_tsc cpuid aperfmperf tsc_known_freq pni pclmulqdq dtes64 monitor ds_cpl vmx est tm2 ssse3 sdbg fma cx16 xtpr pdcm pcid sse4_1 sse4_2 x2apic movbe popcnt tsc_deadline_timer aes xsave avx f16c rdrand lahf_lm abm 3dnowprefetch cpuid_fault invpcid_single pti ssbd ibrs ibpb stibp tpr_shadow vnmi flexpriority ept vpid fsgsbase tsc_adjust bmi1 avx2 smep bmi2 erms invpcid mpx rdseed adx smap clflushopt intel_pt xsaveopt xsavec xgetbv1 xsaves dtherm arat pln pts hwp hwp_notify hwp_act_window hwp_epp md_clear flush_l1d
bugs		: cpu_meltdown spectre_v1 spectre_v2 spec_store_bypass l1tf mds swapgs itlb_multihit
bogomips	: 3600.00
clflush size	: 64
cache_alignment	: 64
address sizes	: 39 bits physical, 48 bits virtual
power management:

processor	: 3
vendor_id	: GenuineIntel
cpu family	: 6
model		: 142
model name	: Intel(R) Core(TM) i5-8250U CPU @ 1.60GHz
stepping	: 10
microcode	: 0xca
cpu MHz		: 1600.013
cache size	: 6144 KB
physical id	: 0
siblings	: 8
core id		: 3
cpu cores	: 4
apicid		: 6
initial apicid	: 6
fpu		: yes
fpu_exception	: yes
cpuid level	: 22
wp		: yes
flags		: fpu vme de pse tsc msr pae mce cx8 apic sep mtrr pge mca cmov pat pse36 clflush dts acpi mmx fxsr sse sse2 ss ht tm pbe syscall nx pdpe1gb rdtscp lm constant_tsc art arch_perfmon pebs bts rep_good nopl xtopology nonstop_tsc cpuid aperfmperf tsc_known_freq pni pclmulqdq dtes64 monitor ds_cpl vmx est tm2 ssse3 sdbg fma cx16 xtpr pdcm pcid sse4_1 sse4_2 x2apic movbe popcnt tsc_deadline_timer aes xsave avx f16c rdrand lahf_lm abm 3dnowprefetch cpuid_fault invpcid_single pti ssbd ibrs ibpb stibp tpr_shadow vnmi flexpriority ept vpid fsgsbase tsc_adjust bmi1 avx2 smep bmi2 erms invpcid mpx rdseed adx smap clflushopt intel_pt xsaveopt xsavec xgetbv1 xsaves dtherm arat pln pts hwp hwp_notify hwp_act_window hwp_epp md_clear flush_l1d
bugs		: cpu_meltdown spectre_v1 spectre_v2 spec_store_bypass l1tf mds swapgs itlb_multihit
bogomips	: 3600.00
clflush size	: 64
cache_alignment	: 64
address sizes	: 39 bits physical, 48 bits virtual
power management:

processor	: 4
vendor_id	: GenuineIntel
cpu family	: 6
model		: 142
model name	: Intel(R) Core(TM) i5-8250U CPU @ 1.60GHz
stepping	: 10
microcode	: 0xca
cpu MHz		: 1599.998
cache size	: 6144 KB
physical id	: 0
siblings	: 8
core id		: 0
cpu cores	: 4
apicid		: 1
initial apicid	: 1
fpu		: yes
fpu_exception	: yes
cpuid level	: 22
wp		: yes
flags		: fpu vme de pse tsc msr pae mce cx8 apic sep mtrr pge mca cmov pat pse36 clflush dts acpi mmx fxsr sse sse2 ss ht tm pbe syscall nx pdpe1gb rdtscp lm constant_tsc art arch_perfmon pebs bts rep_good nopl xtopology nonstop_tsc cpuid aperfmperf tsc_known_freq pni pclmulqdq dtes64 monitor ds_cpl vmx est tm2 ssse3 sdbg fma cx16 xtpr pdcm pcid sse4_1 sse4_2 x2apic movbe popcnt tsc_deadline_timer aes xsave avx f16c rdrand lahf_lm abm 3dnowprefetch cpuid_fault invpcid_single pti ssbd ibrs ibpb stibp tpr_shadow vnmi flexpriority ept vpid fsgsbase tsc_adjust bmi1 avx2 smep bmi2 erms invpcid mpx rdseed adx smap clflushopt intel_pt xsaveopt xsavec xgetbv1 xsaves dtherm arat pln pts hwp hwp_notify hwp_act_window hwp_epp md_clear flush_l1d
bugs		: cpu_meltdown spectre_v1 spectre_v2 spec_store_bypass l1tf mds swapgs itlb_multihit
bogomips	: 3600.00
clflush size	: 64
cache_alignment	: 64
address sizes	: 39 bits physical, 48 bits virtual
power management:

processor	: 5
vendor_id	: GenuineIntel
cpu family	: 6
model		: 142
model name	: Intel(R) Core(TM) i5-8250U CPU @ 1.60GHz
stepping	: 10
microcode	: 0xca
cpu MHz		: 1599.995
cache size	: 6144 KB
physical id	: 0
siblings	: 8
core id		: 1
cpu cores	: 4
apicid		: 3
initial apicid	: 3
fpu		: yes
fpu_exception	: yes
cpuid level	: 22
wp		: yes
flags		: fpu vme de pse tsc msr pae mce cx8 apic sep mtrr pge mca cmov pat pse36 clflush dts acpi mmx fxsr sse sse2 ss ht tm pbe syscall nx pdpe1gb rdtscp lm constant_tsc art arch_perfmon pebs bts rep_good nopl xtopology nonstop_tsc cpuid aperfmperf tsc_known_freq pni pclmulqdq dtes64 monitor ds_cpl vmx est tm2 ssse3 sdbg fma cx16 xtpr pdcm pcid sse4_1 sse4_2 x2apic movbe popcnt tsc_deadline_timer aes xsave avx f16c rdrand lahf_lm abm 3dnowprefetch cpuid_fault invpcid_single pti ssbd ibrs ibpb stibp tpr_shadow vnmi flexpriority ept vpid fsgsbase tsc_adjust bmi1 avx2 smep bmi2 erms invpcid mpx rdseed adx smap clflushopt intel_pt xsaveopt xsavec xgetbv1 xsaves dtherm arat pln pts hwp hwp_notify hwp_act_window hwp_epp md_clear flush_l1d
bugs		: cpu_meltdown spectre_v1 spectre_v2 spec_store_bypass l1tf mds swapgs itlb_multihit
bogomips	: 3600.00
clflush size	: 64
cache_alignment	: 64
address sizes	: 39 bits physical, 48 bits virtual
power management:

processor	: 6
vendor_id	: GenuineIntel
cpu family	: 6
model		: 142
model name	: Intel(R) Core(TM) i5-8250U CPU @ 1.60GHz
stepping	: 10
microcode	: 0xca
cpu MHz		: 1600.002
cache size	: 6144 KB
physical id	: 0
siblings	: 8
core id		: 2
cpu cores	: 4
apicid		: 5
initial apicid	: 5
fpu		: yes
fpu_exception	: yes
cpuid level	: 22
wp		: yes
flags		: fpu vme de pse tsc msr pae mce cx8 apic sep mtrr pge mca cmov pat pse36 clflush dts acpi mmx fxsr sse sse2 ss ht tm pbe syscall nx pdpe1gb rdtscp lm constant_tsc art arch_perfmon pebs bts rep_good nopl xtopology nonstop_tsc cpuid aperfmperf tsc_known_freq pni pclmulqdq dtes64 monitor ds_cpl vmx est tm2 ssse3 sdbg fma cx16 xtpr pdcm pcid sse4_1 sse4_2 x2apic movbe popcnt tsc_deadline_timer aes xsave avx f16c rdrand lahf_lm abm 3dnowprefetch cpuid_fault invpcid_single pti ssbd ibrs ibpb stibp tpr_shadow vnmi flexpriority ept vpid fsgsbase tsc_adjust bmi1 avx2 smep bmi2 erms invpcid mpx rdseed adx smap clflushopt intel_pt xsaveopt xsavec xgetbv1 xsaves dtherm arat pln pts hwp hwp_notify hwp_act_window hwp_epp md_clear flush_l1d
bugs		: cpu_meltdown spectre_v1 spectre_v2 spec_store_bypass l1tf mds swapgs itlb_multihit
bogomips	: 3600.00
clflush size	: 64
cache_alignment	: 64
address sizes	: 39 bits physical, 48 bits virtual
power management:

processor	: 7
vendor_id	: GenuineIntel
cpu family	: 6
model		: 142
model name	: Intel(R) Core(TM) i5-8250U CPU @ 1.60GHz
stepping	: 10
microcode	: 0xca
cpu MHz		: 1600.000
cache size	: 6144 KB
physical id	: 0
siblings	: 8
core id		: 3
cpu cores	: 4
apicid		: 7
initial apicid	: 7
fpu		: yes
fpu_exception	: yes
cpuid level	: 22
wp		: yes
flags		: fpu vme de pse tsc msr pae mce cx8 apic sep mtrr pge mca cmov pat pse36 clflush dts acpi mmx fxsr sse sse2 ss ht tm pbe syscall nx pdpe1gb rdtscp lm constant_tsc art arch_perfmon pebs bts rep_good nopl xtopology nonstop_tsc cpuid aperfmperf tsc_known_freq pni pclmulqdq dtes64 monitor ds_cpl vmx est tm2 ssse3 sdbg fma cx16 xtpr pdcm pcid sse4_1 sse4_2 x2apic movbe popcnt tsc_deadline_timer aes xsave avx f16c rdrand lahf_lm abm 3dnowprefetch cpuid_fault invpcid_single pti ssbd ibrs ibpb stibp tpr_shadow vnmi flexpriority ept vpid fsgsbase tsc_adjust bmi1 avx2 smep bmi2 erms invpcid mpx rdseed adx smap clflushopt intel_pt xsaveopt xsavec xgetbv1 xsaves dtherm arat pln pts hwp hwp_notify hwp_act_window hwp_epp md_clear flush_l1d
bugs		: cpu_meltdown spectre_v1 spectre_v2 spec_store_bypass l1tf mds swapgs itlb_multihit
bogomips	: 3600.00
clflush size	: 64
cache_alignment	: 64
address sizes	: 39 bits physical, 48 bits virtual
power management:



Memory: 4k page, physical 7944864k(106928k free), swap 999420k(0k free)

vm_info: OpenJDK 64-Bit Server VM (25.242-b3-6222593) for linux-amd64 JRE (1.8.0_242-release-1644-b3-6222593), built by "android-build" with gcc 4.8

time: Thu Sep  3 18:07:20 2020
timezone: BST
elapsed time: 2 seconds (0d 0h 0m 2s)

